<?xml version="1.0" encoding="UTF-8"?>
<testng-results skipped="0" failed="0" total="1" passed="1">
  <reporter-output>
  </reporter-output>
  <suite name="Suite" duration-ms="37145" started-at="2020-02-01T18:02:37Z" finished-at="2020-02-01T18:03:14Z">
    <groups>
    </groups>
    <test name="Test" duration-ms="37145" started-at="2020-02-01T18:02:37Z" finished-at="2020-02-01T18:03:14Z">
      <class name="testCases.GmailLogin">
        <test-method status="PASS" signature="init()[pri:0, instance:testCases.GmailLogin@2038ae61]" name="init" is-config="true" duration-ms="12232" started-at="2020-02-01T23:32:37Z" finished-at="2020-02-01T23:32:49Z">
          <reporter-output>
          </reporter-output>
        </test-method> <!-- init -->
        <test-method status="PASS" signature="doLogin()[pri:1, instance:testCases.GmailLogin@2038ae61]" name="doLogin" duration-ms="22862" started-at="2020-02-01T23:32:49Z" finished-at="2020-02-01T23:33:12Z">
          <reporter-output>
          </reporter-output>
        </test-method> <!-- doLogin -->
        <test-method status="PASS" signature="tearDown()[pri:0, instance:testCases.GmailLogin@2038ae61]" name="tearDown" is-config="true" duration-ms="1993" started-at="2020-02-01T23:33:12Z" finished-at="2020-02-01T23:33:14Z">
          <reporter-output>
          </reporter-output>
        </test-method> <!-- tearDown -->
      </class> <!-- testCases.GmailLogin -->
    </test> <!-- Test -->
  </suite> <!-- Suite -->
</testng-results>
